app/build/intermediates/manifest_merge_blame_file/debug/manifest-merger-blame-debug-report.txt
1<?xml version="1.0" encoding="utf-8"?>
2<manifest xmlns:android="http://schemas.android.com/apk/res/android"
3    package="com.prabhu.womensafetyapp"
4    android:versionCode="1"
5    android:versionName="1.0" >
6
7    <uses-sdk
8        android:minSdkVersion="8"
8-->src/main/AndroidManifest.xml
9        android:targetSdkVersion="18" />
9-->src/main/AndroidManifest.xml
10
11    <uses-permission android:name="android.permission.ACCESS_FINE_LOCATION" />
11-->src/main/AndroidManifest.xml:7:5-79
11-->src/main/AndroidManifest.xml:7:22-76
12    <uses-permission android:name="android.permission.INTERNET" />
12-->src/main/AndroidManifest.xml:8:5-67
12-->src/main/AndroidManifest.xml:8:22-64
13    <uses-permission android:name="android.permission.SEND_SMS" />
13-->src/main/AndroidManifest.xml:9:5-67
13-->src/main/AndroidManifest.xml:9:22-64
14    <uses-permission android:name="android.permission.READ_PHONE_STATE" >
14-->src/main/AndroidManifest.xml:10:5-11:23
14-->src/main/AndroidManifest.xml:10:22-72
15    </uses-permission>
16
17    <application
17-->src/main/AndroidManifest.xml:12:5-59:19
18        android:allowBackup="true"
18-->src/main/AndroidManifest.xml:13:9-35
19        android:debuggable="true"
20        android:icon="@drawable/ic_launcher"
20-->src/main/AndroidManifest.xml:14:9-45
21        android:label="@string/app_name"
21-->src/main/AndroidManifest.xml:15:9-41
22        android:testOnly="true"
23        android:theme="@style/AppTheme" >
23-->src/main/AndroidManifest.xml:16:9-40
24        <activity
24-->src/main/AndroidManifest.xml:17:9-25:20
25            android:name="com.prabhu.womensafetyapp.MainActivity"
25-->src/main/AndroidManifest.xml:18:13-66
26            android:label="@string/app_name" >
26-->src/main/AndroidManifest.xml:19:13-45
27            <intent-filter>
27-->src/main/AndroidManifest.xml:20:13-24:29
28                <action android:name="android.intent.action.MAIN" />
28-->src/main/AndroidManifest.xml:21:17-69
28-->src/main/AndroidManifest.xml:21:25-66
29
30                <category android:name="android.intent.category.LAUNCHER" />
30-->src/main/AndroidManifest.xml:23:17-77
30-->src/main/AndroidManifest.xml:23:27-74
31            </intent-filter>
32        </activity>
33        <activity
33-->src/main/AndroidManifest.xml:26:9-33:20
34            android:name="com.prabhu.womensafetyapp.Register"
34-->src/main/AndroidManifest.xml:27:13-62
35            android:label="@string/title_activity_register"
35-->src/main/AndroidManifest.xml:28:13-60
36            android:parentActivityName="com.prabhu.womensafetyapp.MainActivity" >
36-->src/main/AndroidManifest.xml:29:13-80
37            <meta-data
37-->src/main/AndroidManifest.xml:30:13-32:74
38                android:name="android.support.PARENT_ACTIVITY"
38-->src/main/AndroidManifest.xml:31:17-63
39                android:value="com.prabhu.womensafetyapp.MainActivity" />
39-->src/main/AndroidManifest.xml:32:17-71
40        </activity>
41        <activity
41-->src/main/AndroidManifest.xml:34:9-41:20
42            android:name="com.prabhu.womensafetyapp.Display"
42-->src/main/AndroidManifest.xml:35:13-61
43            android:label="@string/title_activity_display"
43-->src/main/AndroidManifest.xml:36:13-59
44            android:parentActivityName="com.prabhu.womensafetyapp.MainActivity" >
44-->src/main/AndroidManifest.xml:37:13-80
45            <meta-data
45-->src/main/AndroidManifest.xml:30:13-32:74
46                android:name="android.support.PARENT_ACTIVITY"
46-->src/main/AndroidManifest.xml:31:17-63
47                android:value="com.prabhu.womensafetyapp.MainActivity" />
47-->src/main/AndroidManifest.xml:32:17-71
48        </activity>
49
50        <service android:name="com.prabhu.womensafetyapp.BgService" />
50-->src/main/AndroidManifest.xml:42:9-71
50-->src/main/AndroidManifest.xml:42:18-68
51
52        <activity
52-->src/main/AndroidManifest.xml:43:9-50:20
53            android:name="com.prabhu.womensafetyapp.Instructions"
53-->src/main/AndroidManifest.xml:44:13-66
54            android:label="@string/title_activity_instructions"
54-->src/main/AndroidManifest.xml:45:13-64
55            android:parentActivityName="com.prabhu.womensafetyapp.MainActivity" >
55-->src/main/AndroidManifest.xml:46:13-80
56            <meta-data
56-->src/main/AndroidManifest.xml:30:13-32:74
57                android:name="android.support.PARENT_ACTIVITY"
57-->src/main/AndroidManifest.xml:31:17-63
58                android:value="com.prabhu.womensafetyapp.MainActivity" />
58-->src/main/AndroidManifest.xml:32:17-71
59        </activity>
60        <activity
60-->src/main/AndroidManifest.xml:51:9-58:20
61            android:name="com.prabhu.womensafetyapp.Verify"
61-->src/main/AndroidManifest.xml:52:13-60
62            android:label="@string/title_activity_verify"
62-->src/main/AndroidManifest.xml:53:13-58
63            android:parentActivityName="com.prabhu.womensafetyapp.MainActivity" >
63-->src/main/AndroidManifest.xml:54:13-80
64            <meta-data
64-->src/main/AndroidManifest.xml:30:13-32:74
65                android:name="android.support.PARENT_ACTIVITY"
65-->src/main/AndroidManifest.xml:31:17-63
66                android:value="com.prabhu.womensafetyapp.MainActivity" />
66-->src/main/AndroidManifest.xml:32:17-71
67        </activity>
68    </application>
69
70</manifest>